<?xml version="1.0" encoding="UTF-8"?>
<!-- Generated by org.testng.reporters.JUnitReportReporter -->
<testsuite hostname="Adarsh" failures="0" tests="6" name="com.fb.qa.tastcases.LoginPageTest" time="52.584" errors="0" timestamp="2022-12-17T11:48:29 IST" skipped="0">
  <testcase classname="com.fb.qa.tastcases.LoginPageTest" name="loginTest" time="13.329"/>
  <system-out/>
  <testcase classname="com.fb.qa.tastcases.LoginPageTest" name="switchToForgetPass" time="9.565"/>
  <system-out/>
  <testcase classname="com.fb.qa.tastcases.LoginPageTest" name="switchToCreateAcc" time="4.250"/>
  <system-out/>
  <testcase classname="com.fb.qa.tastcases.LoginPageTest" name="switchToCreateFbPage" time="7.302"/>
  <system-out/>
  <testcase classname="com.fb.qa.tastcases.LoginPageTest" name="multipleLoign" time="8.272"/>
  <system-out/>
  <testcase classname="com.fb.qa.tastcases.LoginPageTest" name="multipleLoign" time="9.866"/>
  <system-out/>
</testsuite> <!-- com.fb.qa.tastcases.LoginPageTest -->
