<?xml version="1.0" encoding="UTF-8"?>
<!-- Generated by org.testng.reporters.JUnitReportReporter -->
<testsuite hostname="Adarsh" failures="0" tests="1" name="com.fb.qa.tastcases.HomePageTest" time="14.302" errors="0" timestamp="2022-12-15T21:04:35 IST" skipped="0">
  <testcase classname="com.fb.qa.tastcases.HomePageTest" name="friendPageTest" time="14.302"/>
  <system-out/>
</testsuite> <!-- com.fb.qa.tastcases.HomePageTest -->
