<?xml version="1.0" encoding="UTF-8"?>
<!-- Generated by org.testng.reporters.JUnitReportReporter -->
<testsuite hostname="Adarsh" failures="0" tests="1" name="com.fb.qa.tastcases.SignUpPageTest" time="3.922" errors="0" timestamp="2022-12-15T18:26:15 IST" skipped="0">
  <testcase classname="com.fb.qa.tastcases.SignUpPageTest" name="signUp" time="3.922"/>
  <system-out/>
</testsuite> <!-- com.fb.qa.tastcases.SignUpPageTest -->
