<?xml version="1.0" encoding="UTF-8"?>
<!-- Generated by org.testng.reporters.JUnitReportReporter -->
<testsuite hostname="Adarsh" failures="0" tests="3" name="com.fb.qa.tastcases.FoegetPasswordTest" time="51.000" errors="0" timestamp="2022-12-15T18:26:15 IST" skipped="0">
  <testcase classname="com.fb.qa.tastcases.FoegetPasswordTest" name="login" time="15.600"/>
  <system-out/>
  <testcase classname="com.fb.qa.tastcases.FoegetPasswordTest" name="forgetFbAccount" time="21.692"/>
  <system-out/>
  <testcase classname="com.fb.qa.tastcases.FoegetPasswordTest" name="forgetPassTest" time="13.708"/>
  <system-out/>
</testsuite> <!-- com.fb.qa.tastcases.FoegetPasswordTest -->
