<?xml version="1.0" encoding="UTF-8"?>
<!-- Generated by org.testng.reporters.JUnitReportReporter -->
<testsuite hostname="Adarsh" failures="0" tests="6" name="com.fb.qa.tastcases.LoginPageTest" time="46.059" errors="0" timestamp="2022-12-21T11:45:31 IST" skipped="0">
  <testcase classname="com.fb.qa.tastcases.LoginPageTest" name="switchToCreateAcc" time="2.934"/>
  <system-out/>
  <testcase classname="com.fb.qa.tastcases.LoginPageTest" name="multipleLoign" time="9.903"/>
  <system-out/>
  <testcase classname="com.fb.qa.tastcases.LoginPageTest" name="switchToForgetPass" time="7.268"/>
  <system-out/>
  <testcase classname="com.fb.qa.tastcases.LoginPageTest" name="switchToCreateFbPage" time="5.404"/>
  <system-out/>
  <testcase classname="com.fb.qa.tastcases.LoginPageTest" name="loginTest" time="12.734"/>
  <system-out/>
  <testcase classname="com.fb.qa.tastcases.LoginPageTest" name="multipleLoign" time="7.816"/>
  <system-out/>
</testsuite> <!-- com.fb.qa.tastcases.LoginPageTest -->
