<?xml version="1.0" encoding="UTF-8"?>
<!-- Generated by org.testng.reporters.JUnitReportReporter -->
<testsuite hostname="Adarsh" failures="0" tests="3" name="com.fb.qa.tastcases.FoegetPasswordTest" time="39.777" errors="0" timestamp="2022-12-17T21:15:17 IST" skipped="0">
  <testcase classname="com.fb.qa.tastcases.FoegetPasswordTest" name="login" time="14.765"/>
  <system-out/>
  <testcase classname="com.fb.qa.tastcases.FoegetPasswordTest" name="forgetFbAccount" time="11.074"/>
  <system-out/>
  <testcase classname="com.fb.qa.tastcases.FoegetPasswordTest" name="forgetPassTest" time="13.938"/>
  <system-out/>
</testsuite> <!-- com.fb.qa.tastcases.FoegetPasswordTest -->
