<?xml version="1.0" encoding="UTF-8"?>
<!-- Generated by org.testng.reporters.JUnitReportReporter -->
<testsuite hostname="Adarsh" failures="0" tests="6" name="com.fb.qa.tastcases.CreateFbPageTest" time="79.268" errors="0" timestamp="2022-12-14T00:11:17 IST" skipped="0">
  <testcase classname="com.fb.qa.tastcases.CreateFbPageTest" name="switchSignUpFromPopPageFromLoginPopup" time="12.549"/>
  <system-out/>
  <testcase classname="com.fb.qa.tastcases.CreateFbPageTest" name="forgetAcc" time="16.437"/>
  <system-out/>
  <testcase classname="com.fb.qa.tastcases.CreateFbPageTest" name="switchSignUpPageFromNavbar" time="8.937"/>
  <system-out/>
  <testcase classname="com.fb.qa.tastcases.CreateFbPageTest" name="loginFromCreateFbpage" time="18.051"/>
  <system-out/>
  <testcase classname="com.fb.qa.tastcases.CreateFbPageTest" name="switchToCreateCommuORPFigureFBPage" time="11.010"/>
  <system-out/>
  <testcase classname="com.fb.qa.tastcases.CreateFbPageTest" name="switchToCreateBusiORBrandFBPage" time="12.284"/>
  <system-out/>
</testsuite> <!-- com.fb.qa.tastcases.CreateFbPageTest -->
