<?xml version="1.0" encoding="UTF-8"?>
<!-- Generated by org.testng.reporters.JUnitReportReporter -->
<testsuite hostname="Adarsh" failures="0" tests="6" name="com.fb.qa.tastcases.CreateFbPageTest" time="61.355" errors="0" timestamp="2022-12-21T11:45:31 IST" skipped="0">
  <testcase classname="com.fb.qa.tastcases.CreateFbPageTest" name="switchToCreateBusiORBrandFBPage" time="8.333"/>
  <system-out/>
  <testcase classname="com.fb.qa.tastcases.CreateFbPageTest" name="switchToCreateCommuORPFigureFBPage" time="10.334"/>
  <system-out/>
  <testcase classname="com.fb.qa.tastcases.CreateFbPageTest" name="forgetAcc" time="9.452"/>
  <system-out/>
  <testcase classname="com.fb.qa.tastcases.CreateFbPageTest" name="switchSignUpPageFromNavbar" time="7.603"/>
  <system-out/>
  <testcase classname="com.fb.qa.tastcases.CreateFbPageTest" name="switchToSignUpPageFromLoginPop" time="5.985"/>
  <system-out/>
  <testcase classname="com.fb.qa.tastcases.CreateFbPageTest" name="loginFromCreateFbpage" time="19.648"/>
  <system-out/>
</testsuite> <!-- com.fb.qa.tastcases.CreateFbPageTest -->
