<?xml version="1.0" encoding="UTF-8"?>
<!-- Generated by org.testng.reporters.JUnitReportReporter -->
<testsuite hostname="Adarsh" failures="0" tests="1" name="com.fb.qa.tastcases.SignUpPageTest" time="6.279" errors="0" timestamp="2022-12-21T11:45:31 IST" skipped="0">
  <testcase classname="com.fb.qa.tastcases.SignUpPageTest" name="signUp" time="6.279"/>
  <system-out/>
</testsuite> <!-- com.fb.qa.tastcases.SignUpPageTest -->
