<?xml version="1.0" encoding="UTF-8"?>
<!-- Generated by org.testng.reporters.JUnitReportReporter -->
<testsuite hostname="Adarsh" failures="0" tests="2" name="com.fb.qa.tastcases.LoginPageTest" time="16.673" errors="0" timestamp="2022-12-15T22:52:14 IST" skipped="0">
  <testcase classname="com.fb.qa.tastcases.LoginPageTest" name="multipleLoign" time="7.767"/>
  <system-out/>
  <testcase classname="com.fb.qa.tastcases.LoginPageTest" name="multipleLoign" time="8.906"/>
  <system-out/>
</testsuite> <!-- com.fb.qa.tastcases.LoginPageTest -->
