<?xml version="1.0" encoding="UTF-8"?>
<!-- Generated by org.testng.reporters.JUnitReportReporter -->
<testsuite hostname="Adarsh" failures="0" tests="6" name="com.fb.qa.tastcases.CreateFbPageTest" time="52.946" errors="0" timestamp="2022-12-15T18:26:15 IST" skipped="0">
  <testcase classname="com.fb.qa.tastcases.CreateFbPageTest" name="switchToCreateBusiORBrandFBPage" time="9.724"/>
  <system-out/>
  <testcase classname="com.fb.qa.tastcases.CreateFbPageTest" name="forgetAcc" time="10.316"/>
  <system-out/>
  <testcase classname="com.fb.qa.tastcases.CreateFbPageTest" name="switchToSignUpPageFromLoginPop" time="6.470"/>
  <system-out/>
  <testcase classname="com.fb.qa.tastcases.CreateFbPageTest" name="switchSignUpPageFromNavbar" time="6.194"/>
  <system-out/>
  <testcase classname="com.fb.qa.tastcases.CreateFbPageTest" name="loginFromCreateFbpage" time="11.179"/>
  <system-out/>
  <testcase classname="com.fb.qa.tastcases.CreateFbPageTest" name="switchToCreateCommuORPFigureFBPage" time="9.063"/>
  <system-out/>
</testsuite> <!-- com.fb.qa.tastcases.CreateFbPageTest -->
