<?xml version="1.0" encoding="UTF-8"?>
<!-- Generated by org.testng.reporters.JUnitReportReporter -->
<testsuite hostname="Adarsh" failures="0" tests="1" name="com.fb.qa.tastcases.LoginPageTest" time="15.566" errors="0" timestamp="2022-12-15T12:23:52 IST" skipped="0">
  <testcase classname="com.fb.qa.tastcases.LoginPageTest" name="loginTest" time="15.566"/>
  <system-out/>
</testsuite> <!-- com.fb.qa.tastcases.LoginPageTest -->
