<?xml version="1.0" encoding="UTF-8"?>
<!-- Generated by org.testng.reporters.JUnitReportReporter -->
<testsuite hostname="Adarsh" failures="0" tests="3" name="com.fb.qa.tastcases.FoegetPasswordTest" time="39.873" errors="0" timestamp="2022-12-21T11:45:31 IST" skipped="0">
  <testcase classname="com.fb.qa.tastcases.FoegetPasswordTest" name="forgetPassTest" time="13.767"/>
  <system-out/>
  <testcase classname="com.fb.qa.tastcases.FoegetPasswordTest" name="login" time="15.050"/>
  <system-out/>
  <testcase classname="com.fb.qa.tastcases.FoegetPasswordTest" name="forgetFbAccount" time="11.056"/>
  <system-out/>
</testsuite> <!-- com.fb.qa.tastcases.FoegetPasswordTest -->
