<?xml version="1.0" encoding="UTF-8"?>
<!-- Generated by org.testng.reporters.JUnitReportReporter -->
<testsuite hostname="Adarsh" failures="0" tests="6" name="com.fb.qa.tastcases.LoginPageTest" time="47.054" errors="0" timestamp="2022-12-17T21:15:17 IST" skipped="0">
  <testcase classname="com.fb.qa.tastcases.LoginPageTest" name="switchToCreateFbPage" time="6.435"/>
  <system-out/>
  <testcase classname="com.fb.qa.tastcases.LoginPageTest" name="switchToCreateAcc" time="3.220"/>
  <system-out/>
  <testcase classname="com.fb.qa.tastcases.LoginPageTest" name="multipleLoign" time="8.172"/>
  <system-out/>
  <testcase classname="com.fb.qa.tastcases.LoginPageTest" name="multipleLoign" time="7.867"/>
  <system-out/>
  <testcase classname="com.fb.qa.tastcases.LoginPageTest" name="loginTest" time="13.415"/>
  <system-out/>
  <testcase classname="com.fb.qa.tastcases.LoginPageTest" name="switchToForgetPass" time="7.945"/>
  <system-out/>
</testsuite> <!-- com.fb.qa.tastcases.LoginPageTest -->
