<?xml version="1.0" encoding="UTF-8"?>
<!-- Generated by org.testng.reporters.JUnitReportReporter -->
<testsuite hostname="Adarsh" failures="0" tests="3" name="com.fb.qa.tastcases.FoegetPasswordTest" time="43.874" errors="0" timestamp="2022-12-17T11:48:29 IST" skipped="0">
  <testcase classname="com.fb.qa.tastcases.FoegetPasswordTest" name="login" time="15.284"/>
  <system-out/>
  <testcase classname="com.fb.qa.tastcases.FoegetPasswordTest" name="forgetFbAccount" time="11.891"/>
  <system-out/>
  <testcase classname="com.fb.qa.tastcases.FoegetPasswordTest" name="forgetPassTest" time="16.699"/>
  <system-out/>
</testsuite> <!-- com.fb.qa.tastcases.FoegetPasswordTest -->
