<?xml version="1.0" encoding="UTF-8"?>
<!-- Generated by org.testng.reporters.JUnitReportReporter -->
<testsuite hostname="Adarsh" failures="0" tests="1" name="com.fb.qa.tastcases.FoegetPasswordTest" time="15.819" errors="0" timestamp="2022-12-13T22:22:55 IST" skipped="0">
  <testcase classname="com.fb.qa.tastcases.FoegetPasswordTest" name="forgetPassTest" time="15.819"/>
  <system-out/>
</testsuite> <!-- com.fb.qa.tastcases.FoegetPasswordTest -->
